\BOOKMARK [1][-]{section.1}{\376\377\000I\000N\000T\000R\000O\000D\000U\000C\000T\000I\000O\000N}{}% 1
\BOOKMARK [2][-]{subsection.1.1}{\376\377\000P\000u\000r\000p\000o\000s\000e}{section.1}% 2
\BOOKMARK [2][-]{subsection.1.2}{\376\377\000S\000c\000o\000p\000e}{section.1}% 3
\BOOKMARK [2][-]{subsection.1.3}{\376\377\000D\000e\000f\000i\000n\000i\000t\000i\000o\000n\000s\000,\000\040\000A\000c\000r\000o\000n\000y\000m\000s\000,\000\040\000A\000b\000b\000r\000e\000v\000i\000a\000t\000i\000o\000n\000s}{section.1}% 4
\BOOKMARK [3][-]{subsubsection.1.3.1}{\376\377\000D\000e\000f\000i\000n\000i\000t\000i\000o\000n\000s}{subsection.1.3}% 5
\BOOKMARK [3][-]{subsubsection.1.3.2}{\376\377\000A\000c\000r\000o\000n\000y\000m\000s}{subsection.1.3}% 6
\BOOKMARK [3][-]{subsubsection.1.3.3}{\376\377\000A\000b\000b\000r\000e\000v\000i\000a\000t\000i\000o\000n\000s}{subsection.1.3}% 7
\BOOKMARK [2][-]{subsection.1.4}{\376\377\000R\000e\000v\000i\000s\000i\000o\000n\000\040\000h\000i\000s\000t\000o\000r\000y}{section.1}% 8
\BOOKMARK [2][-]{subsection.1.5}{\376\377\000R\000e\000f\000e\000r\000e\000n\000c\000e\000\040\000D\000o\000c\000u\000m\000e\000n\000t\000s}{section.1}% 9
\BOOKMARK [2][-]{subsection.1.6}{\376\377\000D\000o\000c\000u\000m\000e\000n\000t\000\040\000S\000t\000r\000u\000c\000t\000u\000r\000e}{section.1}% 10
\BOOKMARK [1][-]{section.2}{\376\377\000A\000R\000C\000H\000I\000T\000E\000C\000T\000U\000R\000A\000L\000\040\000D\000E\000S\000I\000G\000N}{}% 11
\BOOKMARK [2][-]{subsection.2.1}{\376\377\000O\000v\000e\000r\000v\000i\000e\000w\000:\000\040\000H\000i\000g\000h\000-\000l\000e\000v\000e\000l\000\040\000c\000o\000m\000p\000o\000n\000e\000n\000t\000s\000\040\000a\000n\000d\000\040\000t\000h\000e\000i\000r\000\040\000i\000n\000t\000e\000r\000a\000c\000t\000i\000o\000n}{section.2}% 12
\BOOKMARK [3][-]{subsubsection.2.1.1}{\376\377\000I\000n\000t\000e\000r\000a\000c\000t\000i\000o\000n}{subsection.2.1}% 13
\BOOKMARK [3][-]{subsubsection.2.1.2}{\376\377\000A\000d\000v\000a\000n\000t\000a\000g\000e\000s\000\040\000o\000f\000\040\000T\000h\000r\000e\000e\000-\000T\000i\000e\000r\000\040\000A\000r\000c\000h\000i\000t\000e\000c\000t\000u\000r\000e}{subsection.2.1}% 14
\BOOKMARK [2][-]{subsection.2.2}{\376\377\000C\000o\000m\000p\000o\000n\000e\000n\000t\000\040\000v\000i\000e\000w}{section.2}% 15
\BOOKMARK [3][-]{subsubsection.2.2.1}{\376\377\000P\000r\000e\000s\000e\000n\000t\000a\000t\000i\000o\000n\000\040\000L\000a\000y\000e\000r}{subsection.2.2}% 16
\BOOKMARK [3][-]{subsubsection.2.2.2}{\376\377\000A\000p\000p\000l\000i\000c\000a\000t\000i\000o\000n\000\040\000L\000a\000y\000e\000r}{subsection.2.2}% 17
\BOOKMARK [3][-]{subsubsection.2.2.3}{\376\377\000D\000a\000t\000a\000\040\000L\000a\000y\000e\000r}{subsection.2.2}% 18
\BOOKMARK [2][-]{subsection.2.3}{\376\377\000D\000e\000p\000l\000o\000y\000m\000e\000n\000t\000\040\000v\000i\000e\000w}{section.2}% 19
\BOOKMARK [2][-]{subsection.2.4}{\376\377\000R\000u\000n\000t\000i\000m\000e\000\040\000v\000i\000e\000w}{section.2}% 20
\BOOKMARK [2][-]{subsection.2.5}{\376\377\000C\000o\000m\000p\000o\000n\000e\000n\000t\000\040\000i\000n\000t\000e\000r\000f\000a\000c\000e\000s}{section.2}% 21
\BOOKMARK [2][-]{subsection.2.6}{\376\377\000S\000e\000l\000e\000c\000t\000e\000d\000\040\000a\000r\000c\000h\000i\000t\000e\000c\000t\000u\000r\000a\000l\000\040\000s\000t\000y\000l\000e\000s\000\040\000a\000n\000d\000\040\000p\000a\000t\000t\000e\000r\000n\000s}{section.2}% 22
\BOOKMARK [2][-]{subsection.2.7}{\376\377\000O\000t\000h\000e\000r\000\040\000d\000e\000s\000i\000g\000n\000\040\000d\000e\000c\000i\000s\000i\000o\000n\000s}{section.2}% 23
\BOOKMARK [1][-]{section.3}{\376\377\000U\000S\000E\000R\000\040\000I\000N\000T\000E\000R\000F\000A\000C\000E\000\040\000D\000E\000S\000I\000G\000N}{}% 24
\BOOKMARK [2][-]{subsection.3.1}{\376\377\000M\000o\000c\000k\000u\000p\000s}{section.3}% 25
\BOOKMARK [2][-]{subsection.3.2}{\376\377\000F\000l\000o\000w\000c\000h\000a\000r\000t\000s}{section.3}% 26
\BOOKMARK [1][-]{section.4}{\376\377\000R\000E\000Q\000U\000I\000R\000E\000M\000E\000N\000T\000S\000\040\000T\000R\000A\000C\000E\000A\000B\000I\000L\000I\000T\000Y}{}% 27
\BOOKMARK [1][-]{section.5}{\376\377\000I\000M\000P\000L\000E\000M\000E\000N\000T\000A\000T\000I\000O\000N\000,\000\040\000I\000N\000T\000E\000G\000R\000A\000T\000I\000O\000N\000\040\000A\000N\000D\000\040\000T\000E\000S\000T\000\040\000P\000L\000A\000N}{}% 28
\BOOKMARK [1][-]{section.6}{\376\377\000E\000F\000F\000O\000R\000T\000\040\000S\000P\000E\000N\000T}{}% 29
\BOOKMARK [1][-]{section.7}{\376\377\000R\000E\000F\000E\000R\000E\000N\000C\000E\000S}{}% 30
