\BOOKMARK [1][-]{section.1}{\376\377\000I\000N\000T\000R\000O\000D\000U\000C\000T\000I\000O\000N}{}% 1
\BOOKMARK [2][-]{subsection.1.1}{\376\377\000P\000u\000r\000p\000o\000s\000e}{section.1}% 2
\BOOKMARK [2][-]{subsection.1.2}{\376\377\000S\000c\000o\000p\000e}{section.1}% 3
\BOOKMARK [2][-]{subsection.1.3}{\376\377\000D\000e\000f\000i\000n\000i\000t\000i\000o\000n\000s\000,\000\040\000A\000c\000r\000o\000n\000y\000m\000s\000,\000\040\000A\000b\000b\000r\000e\000v\000i\000a\000t\000i\000o\000n\000s}{section.1}% 4
\BOOKMARK [3][-]{subsubsection.1.3.1}{\376\377\000D\000e\000f\000i\000n\000i\000t\000i\000o\000n\000s}{subsection.1.3}% 5
\BOOKMARK [3][-]{subsubsection.1.3.2}{\376\377\000A\000c\000r\000o\000n\000y\000m\000s}{subsection.1.3}% 6
\BOOKMARK [3][-]{subsubsection.1.3.3}{\376\377\000A\000b\000b\000r\000e\000v\000i\000a\000t\000i\000o\000n\000s}{subsection.1.3}% 7
\BOOKMARK [2][-]{subsection.1.4}{\376\377\000R\000e\000v\000i\000s\000i\000o\000n\000\040\000h\000i\000s\000t\000o\000r\000y}{section.1}% 8
\BOOKMARK [2][-]{subsection.1.5}{\376\377\000R\000e\000f\000e\000r\000e\000n\000c\000e\000\040\000D\000o\000c\000u\000m\000e\000n\000t\000s}{section.1}% 9
\BOOKMARK [2][-]{subsection.1.6}{\376\377\000D\000o\000c\000u\000m\000e\000n\000t\000\040\000S\000t\000r\000u\000c\000t\000u\000r\000e}{section.1}% 10
\BOOKMARK [1][-]{section.2}{\376\377\000O\000V\000E\000R\000A\000L\000L\000\040\000D\000E\000S\000C\000R\000I\000P\000T\000I\000O\000N}{}% 11
\BOOKMARK [2][-]{subsection.2.1}{\376\377\000P\000r\000o\000d\000u\000c\000t\000\040\000p\000e\000r\000s\000p\000e\000c\000t\000i\000v\000e}{section.2}% 12
\BOOKMARK [3][-]{subsubsection.2.1.1}{\376\377\000S\000c\000e\000n\000a\000r\000i\000o\000s}{subsection.2.1}% 13
\BOOKMARK [3][-]{subsubsection.2.1.2}{\376\377\000D\000o\000m\000a\000i\000n\000\040\000C\000l\000a\000s\000s\000\040\000D\000i\000a\000g\000r\000a\000m}{subsection.2.1}% 14
\BOOKMARK [3][-]{subsubsection.2.1.3}{\376\377\000S\000t\000a\000t\000e\000\040\000D\000i\000a\000g\000r\000a\000m\000s}{subsection.2.1}% 15
\BOOKMARK [2][-]{subsection.2.2}{\376\377\000P\000r\000o\000d\000u\000c\000t\000\040\000f\000u\000n\000c\000t\000i\000o\000n\000s}{section.2}% 16
\BOOKMARK [2][-]{subsection.2.3}{\376\377\000U\000s\000e\000r\000\040\000c\000h\000a\000r\000a\000c\000t\000e\000r\000i\000s\000t\000i\000c\000s}{section.2}% 17
\BOOKMARK [2][-]{subsection.2.4}{\376\377\000A\000s\000s\000u\000m\000p\000t\000i\000o\000n\000s\000,\000\040\000d\000e\000p\000e\000n\000d\000e\000n\000c\000i\000e\000s\000\040\000a\000n\000d\000\040\000c\000o\000n\000s\000t\000r\000a\000i\000n\000t\000s}{section.2}% 18
\BOOKMARK [3][-]{subsubsection.2.4.1}{\376\377\000D\000o\000m\000a\000i\000n\000\040\000A\000s\000s\000u\000m\000p\000t\000i\000o\000n\000s}{subsection.2.4}% 19
\BOOKMARK [3][-]{subsubsection.2.4.2}{\376\377\000D\000e\000p\000e\000n\000d\000e\000n\000c\000i\000e\000s}{subsection.2.4}% 20
\BOOKMARK [3][-]{subsubsection.2.4.3}{\376\377\000C\000o\000n\000s\000t\000r\000a\000i\000n\000t\000s}{subsection.2.4}% 21
\BOOKMARK [1][-]{section.3}{\376\377\000S\000P\000E\000C\000I\000F\000I\000C\000\040\000R\000E\000Q\000U\000I\000R\000E\000M\000E\000N\000T\000S}{}% 22
\BOOKMARK [2][-]{subsection.3.1}{\376\377\000E\000x\000t\000e\000r\000n\000a\000l\000\040\000I\000n\000t\000e\000r\000f\000a\000c\000e\000\040\000R\000e\000q\000u\000i\000r\000e\000m\000e\000n\000t\000s}{section.3}% 23
\BOOKMARK [3][-]{subsubsection.3.1.1}{\376\377\000U\000s\000e\000r\000\040\000I\000n\000t\000e\000r\000f\000a\000c\000e\000s}{subsection.3.1}% 24
\BOOKMARK [3][-]{subsubsection.3.1.2}{\376\377\000H\000a\000r\000d\000w\000a\000r\000e\000\040\000I\000n\000t\000e\000r\000f\000a\000c\000e\000s}{subsection.3.1}% 25
\BOOKMARK [3][-]{subsubsection.3.1.3}{\376\377\000S\000o\000f\000t\000w\000a\000r\000e\000\040\000I\000n\000t\000e\000r\000f\000a\000c\000e\000s}{subsection.3.1}% 26
\BOOKMARK [3][-]{subsubsection.3.1.4}{\376\377\000C\000o\000m\000m\000u\000n\000i\000c\000a\000t\000i\000o\000n\000\040\000I\000n\000t\000e\000r\000f\000a\000c\000e\000s}{subsection.3.1}% 27
\BOOKMARK [2